<?xml version="1.0" encoding="UTF-8"?>
<testng-results ignored="0" total="1" passed="1" failed="0" skipped="0">
  <reporter-output>
  </reporter-output>
  <suite started-at="2024-09-05T23:08:15 IST" name="InternetExpenseSuite" finished-at="2024-09-05T23:09:26 IST" duration-ms="71051">
    <groups>
      <group name="cucumber">
        <method signature="AbstractTestNGCucumberTests.runScenario(io.cucumber.testng.PickleWrapper,io.cucumber.testng.FeatureWrapper)[pri:0, instance:com.talent.internetExpense.TestRunner@49139829]" name="runScenario" class="io.cucumber.testng.AbstractTestNGCucumberTests"/>
      </group> <!-- cucumber -->
    </groups>
    <test started-at="2024-09-05T23:08:15 IST" name="InternetExpenseTest" finished-at="2024-09-05T23:09:26 IST" duration-ms="71051">
      <class name="com.talent.internetExpense.TestRunner">
        <test-method is-config="true" signature="setUpClass(org.testng.ITestContext)[pri:0, instance:com.talent.internetExpense.TestRunner@49139829]" started-at="2024-09-05T23:08:15 IST" name="setUpClass" finished-at="2024-09-05T23:08:30 IST" duration-ms="15095" status="PASS">
          <params>
            <param index="0">
              <value>
                <![CDATA[org.testng.TestRunner@494c8f29]]>
              </value>
            </param>
          </params>
          <reporter-output>
          </reporter-output>
        </test-method> <!-- setUpClass -->
        <test-method signature="runScenario(io.cucumber.testng.PickleWrapper,io.cucumber.testng.FeatureWrapper)[pri:0, instance:com.talent.internetExpense.TestRunner@49139829]" started-at="2024-09-05T23:08:30 IST" name="runScenario" description="Runs Cucumber Scenarios" data-provider="scenarios" finished-at="2024-09-05T23:09:26 IST" duration-ms="55908" status="PASS">
          <params>
            <param index="0">
              <value>
                <![CDATA["User submitted Internet Expense Request successfully"]]>
              </value>
            </param>
            <param index="1">
              <value>
                <![CDATA["Internet reimbursement functionality"]]>
              </value>
            </param>
          </params>
          <reporter-output>
          </reporter-output>
        </test-method> <!-- runScenario -->
        <test-method is-config="true" signature="tearDownClass()[pri:0, instance:com.talent.internetExpense.TestRunner@49139829]" started-at="2024-09-05T23:09:26 IST" name="tearDownClass" finished-at="2024-09-05T23:09:26 IST" duration-ms="2" status="PASS">
          <reporter-output>
          </reporter-output>
        </test-method> <!-- tearDownClass -->
      </class> <!-- com.talent.internetExpense.TestRunner -->
    </test> <!-- InternetExpenseTest -->
  </suite> <!-- InternetExpenseSuite -->
</testng-results>
